#-----------------------------------------------------------
# Vivado v2022.1 (64-bit)
# SW Build 3526262 on Mon Apr 18 15:48:16 MDT 2022
# IP Build 3524634 on Mon Apr 18 20:55:01 MDT 2022
# Start of session at: Tue Aug  2 11:22:19 2022
# Process ID: 7892
# Current directory: C:/Users/bokiss/AppData/Roaming/Xilinx/Vivado
# Command line: vivado.exe -gui_launcher_event rodinguilauncherevent22628
# Log file: C:/Users/bokiss/AppData/Roaming/Xilinx/Vivado/vivado.log
# Journal file: C:/Users/bokiss/AppData/Roaming/Xilinx/Vivado\vivado.jou
# Running On: sim-ro, OS: Windows, CPU Frequency: 2993 MHz, CPU Physical cores: 16, Host memory: 343200 MB
#-----------------------------------------------------------
start_gui
WARNING: [Board 49-26] cannot add Board Part xilinx.com:vpk120_es:part0:1.2 available at C:/Xilinx/Vivado/2022.1/data/xhub/boards/XilinxBoardStore/boards/Xilinx/vpk120/es/1.2/board.xml as part xcvp1202-vsva2785-2mp-e-s-es1 specified in board_part file is either invalid or not available
WARNING: [Board 49-26] cannot add Board Part xilinx.com:vpk120_es_revb:part0:1.0 available at C:/Xilinx/Vivado/2022.1/data/xhub/boards/XilinxBoardStore/boards/Xilinx/vpk120_revb/es/1.0/board.xml as part xcvp1202-vsva2785-2mp-e-s-es1 specified in board_part file is either invalid or not available
WARNING: [Board 49-26] cannot add Board Part xilinx.com:zcu208ld:part0:2.0 available at C:/Xilinx/Vivado/2022.1/data/xhub/boards/XilinxBoardStore/boards/Xilinx/zcu208ld/production/2.0/board.xml as part xczu58dr-fsvg1517-2-i specified in board_part file is either invalid or not available
WARNING: [Board 49-26] cannot add Board Part xilinx.com:zcu216ld:part0:2.0 available at C:/Xilinx/Vivado/2022.1/data/xhub/boards/XilinxBoardStore/boards/Xilinx/zcu216ld/production/2.0/board.xml as part xczu59dr-ffvf1760-2-i specified in board_part file is either invalid or not available
WARNING: [Board 49-26] cannot add Board Part xilinx.com:zcu670:part0:2.0 available at C:/Xilinx/Vivado/2022.1/data/xhub/boards/XilinxBoardStore/boards/Xilinx/zcu670/2.0/board.xml as part xczu67dr-fsve1156-2-i specified in board_part file is either invalid or not available
WARNING: [Board 49-26] cannot add Board Part xilinx.com:zcu670ld:part0:1.0 available at C:/Xilinx/Vivado/2022.1/data/xhub/boards/XilinxBoardStore/boards/Xilinx/zcu670ld/1.0/board.xml as part xczu57dr-fsve1156-2-i specified in board_part file is either invalid or not available
source {D:/WorkBORI/vga/Arty-A7/hw/scripts/checkout.tcl}
# set idx [lsearch ${argv} "-r"]
# if {${idx} != -1} {
#     set repo_path [glob -nocomplain [file normalize [lindex ${argv} [expr {${idx}+1}]]]]
# } else {
#     # Default
#     set repo_path [file normalize [file dirname [info script]]/..]
# }
# set idx [lsearch ${argv} "-x"]
# if {${idx} != -1} {
#     set xpr_path [file normalize [lindex ${argv} [expr {${idx}+1}]]]
# } else {
#     # Default
#     set xpr_path [file join ${repo_path} proj [file tail $repo_path]].xpr]
# }
# set idx [lsearch ${argv} "-v"]
# if {${idx} != -1} {
#     set vivado_version [lindex ${argv} [expr {${idx}+1}]]
# } else {
#     # Default
#     set vivado_version [version -short]
# }
# set idx [lsearch ${argv} "-b"]
# if {${idx} != -1} {
#     set build_when_checked_out 1
# } else {
#     # Default
#     set build_when_checked_out 0
# }
# set idx [lsearch ${argv} "-no-block"]
# if {${idx} != -1} {
#     set wait_on_build 0
# } else {
#     # Default
#     set wait_on_build 1
# }
# set vivado_year [lindex [split $vivado_version "."] 0]
# set proj_name [file rootname [file tail $xpr_path]]
# puts "INFO: Creating new project \"$proj_name\" in [file dirname $xpr_path]"
INFO: Creating new project "hw" in D:/WorkBORI/vga/Arty-A7/hw/proj
# create_project $proj_name [file dirname $xpr_path]
INFO: [IP_Flow 19-234] Refreshing IP repositories
INFO: [IP_Flow 19-1704] No user IP repositories specified
INFO: [IP_Flow 19-2313] Loaded Vivado IP repository 'C:/Xilinx/Vivado/2022.1/data/ip'.
# source $repo_path/project_info.tcl
## proc set_project_properties_post_create_project {proj_name} {
##     set project_obj [get_projects $proj_name]
## 	set_property "part" "xc7a35ticsg324-1L" $project_obj
## 	set_property "board_part" "digilentinc.com:arty-a7-35:part0:1.0" $project_obj
## 	set_property "default_lib" "xil_defaultlib" $project_obj
## 	set_property "simulator_language" "Mixed" $project_obj
## 	set_property "target_language" "VHDL" $project_obj
## }
## proc set_project_properties_pre_add_repo {proj_name} {
##     set project_obj [get_projects $proj_name]
##     # default nothing
## }
## proc set_project_properties_post_create_runs {proj_name} {
##     set project_obj [get_projects $proj_name]
##     # default nothing
## }
# puts "INFO: Capturing board information from $repo_path/project_info.tcl"
INFO: Capturing board information from D:/WorkBORI/vga/Arty-A7/hw/project_info.tcl
# set_project_properties_post_create_project $proj_name
# set obj [get_projects $proj_name]
# set part_name [get_property "part" $obj]
# puts "INFO: Configuring project IP handling properties"
INFO: Configuring project IP handling properties
# set_property "corecontainer.enable" "0" $obj
# set_property "ip_cache_permissions" "read write" $obj
# set_property "ip_output_repo" "[file normalize "$repo_path/proj/cache"]" $obj
# if {[string equal [get_filesets -quiet sources_1] ""]} {
#     puts "INFO: Creating sources_1 fileset"
#     create_fileset -srcset sources_1
# }
# if {[string equal [get_filesets -quiet constrs_1] ""]} {
#     puts "INFO: Creating constrs_1 fileset"
#     create_fileset -constrset constrs_1
# }
# puts "INFO: capturing IP-related settings from $repo_path/project_info.tcl"
INFO: capturing IP-related settings from D:/WorkBORI/vga/Arty-A7/hw/project_info.tcl
# set_project_properties_pre_add_repo $proj_name
# puts "INFO: Setting IP repository paths"
INFO: Setting IP repository paths
# set obj [get_filesets sources_1]
# set_property "ip_repo_paths" "[file normalize $repo_path/repo]" $obj
# puts "INFO: Refreshing IP repositories"
INFO: Refreshing IP repositories
# update_ip_catalog -rebuild
INFO: [IP_Flow 19-234] Refreshing IP repositories
INFO: [IP_Flow 19-1700] Loaded user IP repository 'd:/WorkBORI/vga/Arty-A7/hw/repo'.
# puts "INFO: Adding HDL sources"
INFO: Adding HDL sources
# add_files -quiet -norecurse $repo_path/src/hdl
# puts "INFO: Adding XCI IP sources"
INFO: Adding XCI IP sources
# add_files -quiet [glob -nocomplain $repo_path/src/ip/*/*.xci]
# puts "INFO: Adding constraints"
INFO: Adding constraints
# add_files -quiet -norecurse -fileset constrs_1 $repo_path/src/constraints
# set ipi_tcl_files [glob -nocomplain "$repo_path/src/bd/*.tcl"]
# set ipi_bd_files [glob -nocomplain "$repo_path/src/bd/*/*.bd"]
# if {[llength $ipi_tcl_files] > 1} {
#     # TODO: quit and log the error
#     puts "ERROR: This script cannot handle projects containing more than one block design! More than one tcl script foudn in src/bd"
# } elseif {[llength $ipi_tcl_files] == 1} {
#     # Use TCL script to rebuild block design
#     puts "INFO: Rebuilding block design from script"
#     # Create local source directory for bd
#     if {[file exist "[file rootname $xpr_path].srcs"] == 0} {
#         file mkdir "[file rootname $xpr_path].srcs"
#     }
#     if {[file exist "[file rootname $xpr_path].srcs/sources_1"] == 0} {
#         file mkdir "[file rootname $xpr_path].srcs/sources_1"
#     }
#     if {[file exist "[file rootname $xpr_path].srcs/sources_1/bd"] == 0} {
#         file mkdir "[file rootname $xpr_path].srcs/sources_1/bd"
#     }
#     # Force Non-Remote BD Flow
#     set origin_dir [pwd]
#     cd "[file rootname $xpr_path].srcs/sources_1"
#     set run_remote_bd_flow 0
#     if {[set result [catch { source [lindex $ipi_tcl_files 0] } resulttext]]} {
#         # remember global error state
#         set einfo $::errorInfo
#         set ecode $::errorCode
#         catch {cd $origin_dir}
#         return -code $result -errorcode $ecode -errorinfo $einfo $resulttext
#     }
#     cd $origin_dir
# } elseif {[llength $ipi_bd_files] > 1} {
#     # TODO: quit and log the error
#     puts "ERROR: This script cannot handle projects containing more than one block design! More than one bd file foudn in src/bd"
# } elseif {[llength $ipi_bd_files] == 1} {
#     # Add block design from .bd file and sources
#     puts "INFO: Rebuilding block design from BD fileset"
#     add_files -norecurse -quiet -fileset sources_1 [glob -nocomplain $repo_path/src/bd/*/*.bd]
#     open_bd_design [glob -nocomplain $repo_path/src/bd/*/*.bd]
#     set design_name [get_bd_designs]
#     set file "$repo_path/src/bd/$design_name/$design_name.bd"
#     set file [file normalize $file]
#     set file_obj [get_files -of_objects [get_filesets sources_1] [list "*$file"]]
#     if { ![get_property "is_locked" $file_obj] } {
#         set_property "synth_checkpoint_mode" "Hierarchical" $file_obj
#     }
# }
WARNING: [Coretcl 2-176] No IPs found
# foreach ip [get_ips -filter "IS_LOCKED==1"] {
#     upgrade_ip -vlnv [get_property UPGRADE_VERSIONS $ip] $ip
#     export_ip_user_files -of_objects $ip -no_script -sync -force -quiet
# }
# catch {
# 	# catch block prevents projects without a block design from erroring at this step
# 	set bd_name [get_bd_designs -of_objects [get_bd_cells /]]
# 	set bd_file [get_files $bd_name.bd]
# 	set wrapper_file [make_wrapper -files $bd_file -top -force]
# 	import_files -quiet -force -norecurse $wrapper_file
# 
# 	set obj [get_filesets sources_1]
# 	set_property "top" "${bd_name}_wrapper" $obj
# }
ERROR: [BD 5-104] A block design must be open to run this command. Please create/open a block design.
# if {[string equal [get_runs -quiet synth_1] ""]} {
#     puts "INFO: Creating synth_1 run"
#     create_run -name synth_1 -part $part_name -flow {Vivado Synthesis $vivado_year} -strategy "Vivado Synthesis Defaults" -constrset constrs_1
# } else {
#     set_property strategy "Vivado Synthesis Defaults" [get_runs synth_1]
#     set_property flow "Vivado Synthesis $vivado_year" [get_runs synth_1]
# }
# puts "INFO: Configuring synth_1 run"
INFO: Configuring synth_1 run
# set obj [get_runs synth_1]
# set_property "part" $part_name $obj
# puts "INFO: Setting current synthesis run"
INFO: Setting current synthesis run
# current_run -synthesis [get_runs synth_1]
# if {[string equal [get_runs -quiet impl_1] ""]} {
#     puts "INFO: Creating impl_1 run"
#     create_run -name impl_1 -part $part_name -flow {Vivado Implementation $vivado_year} -strategy "Vivado Implementation Defaults" -constrset constrs_1 -parent_run synth_1
# } else {
#     set_property strategy "Vivado Implementation Defaults" [get_runs impl_1]
#     set_property flow "Vivado Implementation $vivado_year" [get_runs impl_1]
# }
# puts "INFO: Configuring impl_1 run"
INFO: Configuring impl_1 run
# set obj [get_runs impl_1]
# set_property "part" $part_name $obj
# puts "INFO: Setting current implementation run"
INFO: Setting current implementation run
# current_run -implementation [get_runs impl_1]
# puts "INFO: capturing run settings from $repo_path/project_info.tcl"
INFO: capturing run settings from D:/WorkBORI/vga/Arty-A7/hw/project_info.tcl
# set_project_properties_post_create_runs $proj_name
# set post_build_script_path [file join ${repo_path} post_build.tcl]
# set post_build_script [glob -nocomplain ${post_build_script_path}]
# if {${build_when_checked_out}} {
#     launch_runs -to_step write_bitstream impl_1
#     # Wait until the project has been built if -no-block wasn't specified
#     if {${wait_on_build}} {
#         wait_on_run impl_1
#         puts "INFO: Build complete"
# 
#         # If it exists, run the post_build script. This can be used to export 
#         if {${post_build_script} ne ""} {
#             source ${post_build_script}
#         } else {
#             puts "INFO: No post_build script found"
#         }
#     } else {
#         if {${post_build_script} ne ""} {
#             puts "WARNING: Build launched but ${post_build_script} has not been run"
#             puts "         After the bitstream has been generated, run the command 'source ${post_build_script}'"
#         } else {
#             puts "INFO: No post_build script found"
#         }
#     }
# }
# puts "INFO: Project created: [file tail $proj_name]"
INFO: Project created: hw
# puts "INFO: Exiting digilent_vivado_checkout"
INFO: Exiting digilent_vivado_checkout
update_compile_order -fileset sources_1
launch_runs impl_1 -to_step write_bitstream -jobs 24
INFO: [IP_Flow 19-1686] Generating 'Synthesis' target for IP 'clk_wiz_0'...
INFO: [IP_Flow 19-1686] Generating 'Implementation' target for IP 'clk_wiz_0'...
[Tue Aug  2 11:23:06 2022] Launched clk_wiz_0_synth_1, synth_1...
Run output will be captured here:
clk_wiz_0_synth_1: D:/WorkBORI/vga/Arty-A7/hw/proj/hw.runs/clk_wiz_0_synth_1/runme.log
synth_1: D:/WorkBORI/vga/Arty-A7/hw/proj/hw.runs/synth_1/runme.log
[Tue Aug  2 11:23:07 2022] Launched impl_1...
Run output will be captured here: D:/WorkBORI/vga/Arty-A7/hw/proj/hw.runs/impl_1/runme.log
archive_project D:/WorkBORI/vga/Arty-A7/hw/Arty-A7-35-Pmod-VGA-hw.xpr.zip -temp_dir C:/Users/bokiss/AppData/Roaming/Xilinx/Vivado/.Xil/Vivado-7892-sim-ro -force -include_local_ip_cache -include_config_settings
INFO: [Coretcl 2-137] starting archive...
INFO: [Coretcl 2-1499] Saving project copy to temporary location 'C:/Users/bokiss/AppData/Roaming/Xilinx/Vivado/.Xil/Vivado-7892-sim-ro' for archiving project
Scanning sources...
Finished scanning sources
INFO: [IP_Flow 19-234] Refreshing IP repositories
INFO: [IP_Flow 19-1700] Loaded user IP repository 'd:/WorkBORI/vga/Arty-A7/hw/repo'.
INFO: [IP_Flow 19-2313] Loaded Vivado IP repository 'C:/Xilinx/Vivado/2022.1/data/ip'.
INFO: [Coretcl 2-1211] Creating project copy for archival...
INFO: [Coretcl 2-1213] Including run results for 'synth_1'
INFO: [Coretcl 2-1213] Including run results for 'clk_wiz_0_synth_1'
INFO: [Coretcl 2-1213] Including run results for 'impl_1'
INFO: [Coretcl 2-133] re-setting run 'clk_wiz_0_impl_1'...
INFO: [Coretcl 2-1212] Importing remotely added design sources and verilog include files (if any)...
INFO: [filemgmt 20-348] Importing the appropriate files for fileset: 'clk_wiz_0'
INFO: [filemgmt 20-348] Importing the appropriate files for fileset: 'constrs_1'
INFO: [filemgmt 20-348] Importing the appropriate files for fileset: 'sources_1'
