#-----------------------------------------------------------
# Vivado v2020.1 (64-bit)
# SW Build 2902540 on Wed May 27 19:54:35 MDT 2020
# IP Build 2902112 on Wed May 27 22:43:36 MDT 2020
# Start of session at: Thu Aug  8 18:02:22 2024
# Process ID: 97904
# Current directory: /home/chao/git/FPGAIgnite-VGA
# Command line: vivado
# Log file: /home/chao/git/FPGAIgnite-VGA/vivado.log
# Journal file: /home/chao/git/FPGAIgnite-VGA/vivado.jou
#-----------------------------------------------------------
start_gui
open_project /home/chao/git/FPGAIgnite-VGA/vivado_vga_example/project_1.xpr
INFO: [Project 1-313] Project file moved from '/home/chao/Downloads/hw' since last save.
Scanning sources...
Finished scanning sources
WARNING: [filemgmt 56-3] IP Repository Path: Could not find the directory 'D:/WorkBORI/vga/Arty-A7/hw/repo'.
INFO: [IP_Flow 19-234] Refreshing IP repositories
WARNING: [IP_Flow 19-2248] Failed to load user IP repository 'd:/WorkBORI/vga/Arty-A7/hw/repo'; Can't find the specified path.
If this directory should no longer be in your list of user repositories, go to the IP Settings dialog and remove it.
INFO: [IP_Flow 19-2313] Loaded Vivado IP repository '/opt/tools/Xilinx/Vivado/2020.1/data/ip'.
WARNING: [IP_Flow 19-3899] Cannot get the environment domain name variable for the component vendor name. Setting the vendor name to 'user.org'.
update_compile_order -fileset sources_1
reset_run impl_1 -prev_step 
launch_runs impl_1 -to_step write_bitstream -jobs 4
INFO: [Vivado 12-4149] The synthesis checkpoint for IP '/home/chao/git/FPGAIgnite-VGA/vivado_vga_example/project_1.srcs/sources_1/ip/clk_wiz_0_1/clk_wiz_0.xci' is already up-to-date
[Thu Aug  8 18:04:06 2024] Launched impl_1...
Run output will be captured here: /home/chao/git/FPGAIgnite-VGA/vivado_vga_example/project_1.runs/impl_1/runme.log
